{"C:\\Users\\1\\Desktop\\гитклон\\githubpro\\src\\components\\Loader\\Loader.tsx": {"path":"C:\\Users\\1\\Desktop\\гитклон\\githubpro\\src\\components\\Loader\\Loader.tsx","statementMap":{"0":{"start":{"line":3,"column":15},"end":{"line":9,"column":1}},"1":{"start":{"line":4,"column":2},"end":{"line":8,"column":3}}},"fnMap":{"0":{"name":"(anonymous_0)","decl":{"start":{"line":3,"column":15},"end":{"line":3,"column":16}},"loc":{"start":{"line":3,"column":21},"end":{"line":9,"column":1}},"line":3}},"branchMap":{},"s":{"0":1,"1":1},"f":{"0":1},"b":{},"_coverageSchema":"1a1c01bbd47fc00a2c39e90264f33305004495a9","hash":"6ed18d4005fb265359203d295092129905103269"}
,"C:\\Users\\1\\Desktop\\гитклон\\githubpro\\src\\components\\Main\\Main.tsx": {"path":"C:\\Users\\1\\Desktop\\гитклон\\githubpro\\src\\components\\Main\\Main.tsx","statementMap":{"0":{"start":{"line":26,"column":13},"end":{"line":125,"column":1}},"1":{"start":{"line":27,"column":24},"end":{"line":27,"column":38}},"2":{"start":{"line":29,"column":40},"end":{"line":29,"column":60}},"3":{"start":{"line":30,"column":40},"end":{"line":30,"column":51}},"4":{"start":{"line":31,"column":42},"end":{"line":31,"column":62}},"5":{"start":{"line":32,"column":36},"end":{"line":32,"column":51}},"6":{"start":{"line":33,"column":32},"end":{"line":33,"column":61}},"7":{"start":{"line":34,"column":40},"end":{"line":34,"column":67}},"8":{"start":{"line":36,"column":2},"end":{"line":57,"column":31}},"9":{"start":{"line":37,"column":4},"end":{"line":56,"column":5}},"10":{"start":{"line":38,"column":6},"end":{"line":38,"column":25}},"11":{"start":{"line":39,"column":6},"end":{"line":39,"column":23}},"12":{"start":{"line":40,"column":6},"end":{"line":50,"column":11}},"13":{"start":{"line":42,"column":10},"end":{"line":42,"column":35}},"14":{"start":{"line":43,"column":10},"end":{"line":43,"column":36}},"15":{"start":{"line":44,"column":10},"end":{"line":44,"column":30}},"16":{"start":{"line":47,"column":10},"end":{"line":47,"column":29}},"17":{"start":{"line":48,"column":10},"end":{"line":48,"column":79}},"18":{"start":{"line":49,"column":10},"end":{"line":49,"column":30}},"19":{"start":{"line":52,"column":6},"end":{"line":52,"column":25}},"20":{"start":{"line":53,"column":6},"end":{"line":53,"column":26}},"21":{"start":{"line":54,"column":6},"end":{"line":54,"column":26}},"22":{"start":{"line":55,"column":6},"end":{"line":55,"column":23}},"23":{"start":{"line":59,"column":2},"end":{"line":61,"column":21}},"24":{"start":{"line":60,"column":4},"end":{"line":60,"column":33}},"25":{"start":{"line":63,"column":25},"end":{"line":65,"column":3}},"26":{"start":{"line":64,"column":4},"end":{"line":64,"column":39}},"27":{"start":{"line":64,"column":29},"end":{"line":64,"column":37}},"28":{"start":{"line":67,"column":25},"end":{"line":71,"column":3}},"29":{"start":{"line":68,"column":4},"end":{"line":70,"column":5}},"30":{"start":{"line":69,"column":6},"end":{"line":69,"column":41}},"31":{"start":{"line":69,"column":31},"end":{"line":69,"column":39}},"32":{"start":{"line":73,"column":30},"end":{"line":75,"column":3}},"33":{"start":{"line":74,"column":4},"end":{"line":74,"column":33}},"34":{"start":{"line":77,"column":25},"end":{"line":79,"column":3}},"35":{"start":{"line":78,"column":4},"end":{"line":78,"column":55}},"36":{"start":{"line":80,"column":2},"end":{"line":124,"column":4}},"37":{"start":{"line":98,"column":14},"end":{"line":111,"column":25}},"38":{"start":{"line":98,"column":73},"end":{"line":98,"column":93}}},"fnMap":{"0":{"name":"(anonymous_0)","decl":{"start":{"line":26,"column":13},"end":{"line":26,"column":14}},"loc":{"start":{"line":26,"column":19},"end":{"line":125,"column":1}},"line":26},"1":{"name":"(anonymous_1)","decl":{"start":{"line":36,"column":12},"end":{"line":36,"column":13}},"loc":{"start":{"line":36,"column":18},"end":{"line":57,"column":3}},"line":36},"2":{"name":"(anonymous_2)","decl":{"start":{"line":41,"column":14},"end":{"line":41,"column":15}},"loc":{"start":{"line":41,"column":28},"end":{"line":45,"column":9}},"line":41},"3":{"name":"(anonymous_3)","decl":{"start":{"line":46,"column":15},"end":{"line":46,"column":16}},"loc":{"start":{"line":46,"column":26},"end":{"line":50,"column":9}},"line":46},"4":{"name":"(anonymous_4)","decl":{"start":{"line":59,"column":12},"end":{"line":59,"column":13}},"loc":{"start":{"line":59,"column":18},"end":{"line":61,"column":3}},"line":59},"5":{"name":"(anonymous_5)","decl":{"start":{"line":63,"column":25},"end":{"line":63,"column":26}},"loc":{"start":{"line":63,"column":31},"end":{"line":65,"column":3}},"line":63},"6":{"name":"(anonymous_6)","decl":{"start":{"line":64,"column":19},"end":{"line":64,"column":20}},"loc":{"start":{"line":64,"column":29},"end":{"line":64,"column":37}},"line":64},"7":{"name":"(anonymous_7)","decl":{"start":{"line":67,"column":25},"end":{"line":67,"column":26}},"loc":{"start":{"line":67,"column":31},"end":{"line":71,"column":3}},"line":67},"8":{"name":"(anonymous_8)","decl":{"start":{"line":69,"column":21},"end":{"line":69,"column":22}},"loc":{"start":{"line":69,"column":31},"end":{"line":69,"column":39}},"line":69},"9":{"name":"(anonymous_9)","decl":{"start":{"line":73,"column":30},"end":{"line":73,"column":31}},"loc":{"start":{"line":73,"column":55},"end":{"line":75,"column":3}},"line":73},"10":{"name":"(anonymous_10)","decl":{"start":{"line":77,"column":25},"end":{"line":77,"column":26}},"loc":{"start":{"line":77,"column":41},"end":{"line":79,"column":3}},"line":77},"11":{"name":"(anonymous_11)","decl":{"start":{"line":97,"column":29},"end":{"line":97,"column":30}},"loc":{"start":{"line":98,"column":14},"end":{"line":111,"column":25}},"line":98},"12":{"name":"(anonymous_12)","decl":{"start":{"line":98,"column":67},"end":{"line":98,"column":68}},"loc":{"start":{"line":98,"column":73},"end":{"line":98,"column":93}},"line":98}},"branchMap":{"0":{"loc":{"start":{"line":37,"column":4},"end":{"line":56,"column":5}},"type":"if","locations":[{"start":{"line":37,"column":4},"end":{"line":56,"column":5}},{"start":{"line":51,"column":11},"end":{"line":56,"column":5}}],"line":37},"1":{"loc":{"start":{"line":68,"column":4},"end":{"line":70,"column":5}},"type":"if","locations":[{"start":{"line":68,"column":4},"end":{"line":70,"column":5}},{"start":{},"end":{}}],"line":68},"2":{"loc":{"start":{"line":78,"column":19},"end":{"line":78,"column":53}},"type":"cond-expr","locations":[{"start":{"line":78,"column":42},"end":{"line":78,"column":46}},{"start":{"line":78,"column":49},"end":{"line":78,"column":53}}],"line":78},"3":{"loc":{"start":{"line":88,"column":9},"end":{"line":90,"column":52}},"type":"cond-expr","locations":[{"start":{"line":89,"column":12},"end":{"line":89,"column":31}},{"start":{"line":90,"column":12},"end":{"line":90,"column":52}}],"line":88},"4":{"loc":{"start":{"line":92,"column":7},"end":{"line":92,"column":30}},"type":"binary-expr","locations":[{"start":{"line":92,"column":7},"end":{"line":92,"column":16}},{"start":{"line":92,"column":20},"end":{"line":92,"column":30}}],"line":92},"5":{"loc":{"start":{"line":93,"column":7},"end":{"line":93,"column":48}},"type":"binary-expr","locations":[{"start":{"line":93,"column":7},"end":{"line":93,"column":17}},{"start":{"line":93,"column":21},"end":{"line":93,"column":28}},{"start":{"line":93,"column":32},"end":{"line":93,"column":48}}],"line":93},"6":{"loc":{"start":{"line":94,"column":7},"end":{"line":122,"column":7}},"type":"binary-expr","locations":[{"start":{"line":94,"column":7},"end":{"line":94,"column":17}},{"start":{"line":94,"column":21},"end":{"line":94,"column":44}},{"start":{"line":95,"column":8},"end":{"line":121,"column":11}}],"line":94},"7":{"loc":{"start":{"line":100,"column":17},"end":{"line":110,"column":17}},"type":"binary-expr","locations":[{"start":{"line":100,"column":17},"end":{"line":100,"column":44}},{"start":{"line":101,"column":18},"end":{"line":109,"column":29}}],"line":100}},"s":{"0":1,"1":7,"2":7,"3":7,"4":7,"5":7,"6":7,"7":7,"8":7,"9":2,"10":1,"11":1,"12":1,"13":1,"14":1,"15":1,"16":0,"17":0,"18":0,"19":1,"20":1,"21":1,"22":1,"23":7,"24":3,"25":7,"26":0,"27":0,"28":7,"29":0,"30":0,"31":0,"32":7,"33":0,"34":7,"35":0,"36":7,"37":2,"38":0},"f":{"0":7,"1":2,"2":1,"3":0,"4":3,"5":0,"6":0,"7":0,"8":0,"9":0,"10":0,"11":2,"12":0},"b":{"0":[1,1],"1":[0,0],"2":[0,0],"3":[4,3],"4":[7,1],"5":[7,6,0],"6":[7,6,2],"7":[2,0]},"_coverageSchema":"1a1c01bbd47fc00a2c39e90264f33305004495a9","hash":"65ca626887abfe65f929c193023408baed0ce9fa"}
,"C:\\Users\\1\\Desktop\\гитклон\\githubpro\\src\\components\\Main\\MainStyle.ts": {"path":"C:\\Users\\1\\Desktop\\гитклон\\githubpro\\src\\components\\Main\\MainStyle.ts","statementMap":{"0":{"start":{"line":3,"column":29},"end":{"line":5,"column":1}},"1":{"start":{"line":7,"column":24},"end":{"line":9,"column":1}},"2":{"start":{"line":11,"column":20},"end":{"line":16,"column":1}},"3":{"start":{"line":18,"column":26},"end":{"line":23,"column":1}},"4":{"start":{"line":24,"column":24},"end":{"line":34,"column":1}},"5":{"start":{"line":36,"column":24},"end":{"line":50,"column":1}},"6":{"start":{"line":52,"column":28},"end":{"line":55,"column":1}},"7":{"start":{"line":57,"column":26},"end":{"line":67,"column":1}},"8":{"start":{"line":68,"column":26},"end":{"line":82,"column":1}}},"fnMap":{},"branchMap":{},"s":{"0":1,"1":1,"2":1,"3":1,"4":1,"5":1,"6":1,"7":1,"8":1},"f":{},"b":{},"_coverageSchema":"1a1c01bbd47fc00a2c39e90264f33305004495a9","hash":"3564fd46de46db7138c55d10b65b02e60e103806"}
,"C:\\Users\\1\\Desktop\\гитклон\\githubpro\\src\\components\\Search\\Search.tsx": {"path":"C:\\Users\\1\\Desktop\\гитклон\\githubpro\\src\\components\\Search\\Search.tsx","statementMap":{"0":{"start":{"line":5,"column":15},"end":{"line":42,"column":1}},"1":{"start":{"line":6,"column":38},"end":{"line":6,"column":52}},"2":{"start":{"line":7,"column":28},"end":{"line":7,"column":57}},"3":{"start":{"line":9,"column":24},"end":{"line":20,"column":3}},"4":{"start":{"line":10,"column":4},"end":{"line":13,"column":5}},"5":{"start":{"line":11,"column":6},"end":{"line":11,"column":51}},"6":{"start":{"line":12,"column":6},"end":{"line":12,"column":19}},"7":{"start":{"line":14,"column":4},"end":{"line":17,"column":5}},"8":{"start":{"line":15,"column":6},"end":{"line":15,"column":79}},"9":{"start":{"line":16,"column":6},"end":{"line":16,"column":19}},"10":{"start":{"line":18,"column":4},"end":{"line":18,"column":19}},"11":{"start":{"line":19,"column":4},"end":{"line":19,"column":16}},"12":{"start":{"line":22,"column":23},"end":{"line":27,"column":3}},"13":{"start":{"line":23,"column":19},"end":{"line":23,"column":37}},"14":{"start":{"line":24,"column":4},"end":{"line":26,"column":5}},"15":{"start":{"line":25,"column":6},"end":{"line":25,"column":27}},"16":{"start":{"line":29,"column":2},"end":{"line":41,"column":4}}},"fnMap":{"0":{"name":"(anonymous_0)","decl":{"start":{"line":5,"column":15},"end":{"line":5,"column":16}},"loc":{"start":{"line":5,"column":21},"end":{"line":42,"column":1}},"line":5},"1":{"name":"(anonymous_1)","decl":{"start":{"line":9,"column":24},"end":{"line":9,"column":25}},"loc":{"start":{"line":9,"column":43},"end":{"line":20,"column":3}},"line":9},"2":{"name":"(anonymous_2)","decl":{"start":{"line":22,"column":23},"end":{"line":22,"column":24}},"loc":{"start":{"line":22,"column":71},"end":{"line":27,"column":3}},"line":22}},"branchMap":{"0":{"loc":{"start":{"line":10,"column":4},"end":{"line":13,"column":5}},"type":"if","locations":[{"start":{"line":10,"column":4},"end":{"line":13,"column":5}},{"start":{},"end":{}}],"line":10},"1":{"loc":{"start":{"line":14,"column":4},"end":{"line":17,"column":5}},"type":"if","locations":[{"start":{"line":14,"column":4},"end":{"line":17,"column":5}},{"start":{},"end":{}}],"line":14},"2":{"loc":{"start":{"line":24,"column":4},"end":{"line":26,"column":5}},"type":"if","locations":[{"start":{"line":24,"column":4},"end":{"line":26,"column":5}},{"start":{},"end":{}}],"line":24},"3":{"loc":{"start":{"line":39,"column":7},"end":{"line":39,"column":55}},"type":"binary-expr","locations":[{"start":{"line":39,"column":7},"end":{"line":39,"column":12}},{"start":{"line":39,"column":16},"end":{"line":39,"column":55}}],"line":39}},"s":{"0":2,"1":9,"2":9,"3":9,"4":2,"5":0,"6":0,"7":2,"8":0,"9":0,"10":2,"11":2,"12":9,"13":2,"14":2,"15":2,"16":9},"f":{"0":9,"1":2,"2":2},"b":{"0":[0,2],"1":[0,2],"2":[2,0],"3":[9,0]},"_coverageSchema":"1a1c01bbd47fc00a2c39e90264f33305004495a9","hash":"5ba4cd32ada1b985c5f34f862d9b190944808496"}
,"C:\\Users\\1\\Desktop\\гитклон\\githubpro\\src\\components\\Search\\SearchStyle.ts": {"path":"C:\\Users\\1\\Desktop\\гитклон\\githubpro\\src\\components\\Search\\SearchStyle.ts","statementMap":{"0":{"start":{"line":3,"column":26},"end":{"line":6,"column":1}},"1":{"start":{"line":8,"column":27},"end":{"line":19,"column":1}}},"fnMap":{},"branchMap":{},"s":{"0":2,"1":2},"f":{},"b":{},"_coverageSchema":"1a1c01bbd47fc00a2c39e90264f33305004495a9","hash":"bcf9ed6acc148e8176bf26db614440475f341391"}
,"C:\\Users\\1\\Desktop\\гитклон\\githubpro\\src\\components\\Sorting\\Sorting.tsx": {"path":"C:\\Users\\1\\Desktop\\гитклон\\githubpro\\src\\components\\Sorting\\Sorting.tsx","statementMap":{"0":{"start":{"line":16,"column":16},"end":{"line":77,"column":1}},"1":{"start":{"line":17,"column":38},"end":{"line":17,"column":53}},"2":{"start":{"line":18,"column":15},"end":{"line":18,"column":48}},"3":{"start":{"line":19,"column":18},"end":{"line":19,"column":59}},"4":{"start":{"line":21,"column":25},"end":{"line":23,"column":3}},"5":{"start":{"line":22,"column":4},"end":{"line":22,"column":35}},"6":{"start":{"line":22,"column":28},"end":{"line":22,"column":33}},"7":{"start":{"line":25,"column":28},"end":{"line":38,"column":3}},"8":{"start":{"line":26,"column":19},"end":{"line":35,"column":6}},"9":{"start":{"line":27,"column":21},"end":{"line":27,"column":39}},"10":{"start":{"line":28,"column":21},"end":{"line":28,"column":39}},"11":{"start":{"line":30,"column":6},"end":{"line":34,"column":7}},"12":{"start":{"line":31,"column":8},"end":{"line":31,"column":31}},"13":{"start":{"line":33,"column":8},"end":{"line":33,"column":31}},"14":{"start":{"line":36,"column":4},"end":{"line":36,"column":28}},"15":{"start":{"line":37,"column":4},"end":{"line":37,"column":25}},"16":{"start":{"line":39,"column":2},"end":{"line":50,"column":9}},"17":{"start":{"line":40,"column":28},"end":{"line":44,"column":5}},"18":{"start":{"line":41,"column":6},"end":{"line":43,"column":7}},"19":{"start":{"line":42,"column":8},"end":{"line":42,"column":29}},"20":{"start":{"line":46,"column":4},"end":{"line":46,"column":60}},"21":{"start":{"line":47,"column":4},"end":{"line":49,"column":6}},"22":{"start":{"line":48,"column":6},"end":{"line":48,"column":65}},"23":{"start":{"line":51,"column":2},"end":{"line":76,"column":4}},"24":{"start":{"line":61,"column":14},"end":{"line":70,"column":16}},"25":{"start":{"line":65,"column":20},"end":{"line":65,"column":79}}},"fnMap":{"0":{"name":"(anonymous_0)","decl":{"start":{"line":16,"column":16},"end":{"line":16,"column":17}},"loc":{"start":{"line":16,"column":69},"end":{"line":77,"column":1}},"line":16},"1":{"name":"(anonymous_1)","decl":{"start":{"line":21,"column":25},"end":{"line":21,"column":26}},"loc":{"start":{"line":21,"column":31},"end":{"line":23,"column":3}},"line":21},"2":{"name":"(anonymous_2)","decl":{"start":{"line":22,"column":18},"end":{"line":22,"column":19}},"loc":{"start":{"line":22,"column":28},"end":{"line":22,"column":33}},"line":22},"3":{"name":"(anonymous_3)","decl":{"start":{"line":25,"column":28},"end":{"line":25,"column":29}},"loc":{"start":{"line":25,"column":73},"end":{"line":38,"column":3}},"line":25},"4":{"name":"(anonymous_4)","decl":{"start":{"line":26,"column":42},"end":{"line":26,"column":43}},"loc":{"start":{"line":26,"column":52},"end":{"line":35,"column":5}},"line":26},"5":{"name":"(anonymous_5)","decl":{"start":{"line":39,"column":12},"end":{"line":39,"column":13}},"loc":{"start":{"line":39,"column":18},"end":{"line":50,"column":3}},"line":39},"6":{"name":"(anonymous_6)","decl":{"start":{"line":40,"column":28},"end":{"line":40,"column":29}},"loc":{"start":{"line":40,"column":51},"end":{"line":44,"column":5}},"line":40},"7":{"name":"(anonymous_7)","decl":{"start":{"line":47,"column":11},"end":{"line":47,"column":12}},"loc":{"start":{"line":47,"column":17},"end":{"line":49,"column":5}},"line":47},"8":{"name":"(anonymous_8)","decl":{"start":{"line":60,"column":22},"end":{"line":60,"column":23}},"loc":{"start":{"line":60,"column":39},"end":{"line":71,"column":13}},"line":60},"9":{"name":"(anonymous_9)","decl":{"start":{"line":64,"column":27},"end":{"line":64,"column":28}},"loc":{"start":{"line":65,"column":20},"end":{"line":65,"column":79}},"line":65}},"branchMap":{"0":{"loc":{"start":{"line":30,"column":6},"end":{"line":34,"column":7}},"type":"if","locations":[{"start":{"line":30,"column":6},"end":{"line":34,"column":7}},{"start":{"line":32,"column":13},"end":{"line":34,"column":7}}],"line":30},"1":{"loc":{"start":{"line":41,"column":6},"end":{"line":43,"column":7}},"type":"if","locations":[{"start":{"line":41,"column":6},"end":{"line":43,"column":7}},{"start":{},"end":{}}],"line":41},"2":{"loc":{"start":{"line":41,"column":10},"end":{"line":41,"column":76}},"type":"binary-expr","locations":[{"start":{"line":41,"column":10},"end":{"line":41,"column":25}},{"start":{"line":41,"column":29},"end":{"line":41,"column":76}}],"line":41},"3":{"loc":{"start":{"line":57,"column":7},"end":{"line":74,"column":7}},"type":"binary-expr","locations":[{"start":{"line":57,"column":7},"end":{"line":57,"column":17}},{"start":{"line":58,"column":8},"end":{"line":73,"column":26}}],"line":57}},"s":{"0":2,"1":9,"2":9,"3":9,"4":9,"5":2,"6":2,"7":9,"8":0,"9":0,"10":0,"11":0,"12":0,"13":0,"14":0,"15":0,"16":9,"17":2,"18":0,"19":0,"20":2,"21":2,"22":2,"23":9,"24":2,"25":0},"f":{"0":9,"1":2,"2":2,"3":0,"4":0,"5":2,"6":0,"7":2,"8":2,"9":0},"b":{"0":[0,0],"1":[0,0],"2":[0,0],"3":[9,1]},"_coverageSchema":"1a1c01bbd47fc00a2c39e90264f33305004495a9","hash":"969ee94d575a7f753595e081bcbed3066876957f"}
,"C:\\Users\\1\\Desktop\\гитклон\\githubpro\\src\\components\\Sorting\\SortingStyle.ts": {"path":"C:\\Users\\1\\Desktop\\гитклон\\githubpro\\src\\components\\Sorting\\SortingStyle.ts","statementMap":{"0":{"start":{"line":3,"column":29},"end":{"line":21,"column":1}},"1":{"start":{"line":23,"column":27},"end":{"line":28,"column":1}},"2":{"start":{"line":30,"column":31},"end":{"line":43,"column":1}},"3":{"start":{"line":45,"column":28},"end":{"line":49,"column":1}},"4":{"start":{"line":51,"column":24},"end":{"line":53,"column":1}}},"fnMap":{},"branchMap":{},"s":{"0":2,"1":2,"2":2,"3":2,"4":2},"f":{},"b":{},"_coverageSchema":"1a1c01bbd47fc00a2c39e90264f33305004495a9","hash":"9cb746b82939496bdc42465904ff3777da334dc2"}
,"C:\\Users\\1\\Desktop\\гитклон\\githubpro\\src\\context\\inputContext.tsx": {"path":"C:\\Users\\1\\Desktop\\гитклон\\githubpro\\src\\context\\inputContext.tsx","statementMap":{"0":{"start":{"line":8,"column":28},"end":{"line":10,"column":1}},"1":{"start":{"line":12,"column":29},"end":{"line":20,"column":1}},"2":{"start":{"line":13,"column":36},"end":{"line":13,"column":56}},"3":{"start":{"line":15,"column":2},"end":{"line":19,"column":4}}},"fnMap":{"0":{"name":"(anonymous_0)","decl":{"start":{"line":12,"column":29},"end":{"line":12,"column":30}},"loc":{"start":{"line":12,"column":72},"end":{"line":20,"column":1}},"line":12}},"branchMap":{},"s":{"0":2,"1":2,"2":5,"3":5},"f":{"0":5},"b":{},"_coverageSchema":"1a1c01bbd47fc00a2c39e90264f33305004495a9","hash":"293204c46ca005642c3f51802b3c0db3d19fd760"}
,"C:\\Users\\1\\Desktop\\гитклон\\githubpro\\src\\context\\hooks\\inputUser.tsx": {"path":"C:\\Users\\1\\Desktop\\гитклон\\githubpro\\src\\context\\hooks\\inputUser.tsx","statementMap":{"0":{"start":{"line":5,"column":18},"end":{"line":5,"column":42}},"1":{"start":{"line":6,"column":2},"end":{"line":8,"column":3}},"2":{"start":{"line":7,"column":4},"end":{"line":7,"column":37}},"3":{"start":{"line":9,"column":2},"end":{"line":9,"column":17}}},"fnMap":{"0":{"name":"useInputUser","decl":{"start":{"line":4,"column":16},"end":{"line":4,"column":28}},"loc":{"start":{"line":4,"column":31},"end":{"line":10,"column":1}},"line":4}},"branchMap":{"0":{"loc":{"start":{"line":6,"column":2},"end":{"line":8,"column":3}},"type":"if","locations":[{"start":{"line":6,"column":2},"end":{"line":8,"column":3}},{"start":{},"end":{}}],"line":6}},"s":{"0":16,"1":16,"2":0,"3":16},"f":{"0":16},"b":{"0":[0,16]},"_coverageSchema":"1a1c01bbd47fc00a2c39e90264f33305004495a9","hash":"d7d7a280456dd520b85effcac304a70a28ef2bb9"}
}
