TN:
SF:src\components\Loader\Loader.tsx
FN:3,(anonymous_0)
FNF:1
FNH:1
FNDA:1,(anonymous_0)
DA:3,1
DA:4,1
LF:2
LH:2
BRF:0
BRH:0
end_of_record
TN:
SF:src\components\Main\Main.tsx
FN:26,(anonymous_0)
FN:36,(anonymous_1)
FN:41,(anonymous_2)
FN:46,(anonymous_3)
FN:59,(anonymous_4)
FN:63,(anonymous_5)
FN:64,(anonymous_6)
FN:67,(anonymous_7)
FN:69,(anonymous_8)
FN:73,(anonymous_9)
FN:77,(anonymous_10)
FN:97,(anonymous_11)
FN:98,(anonymous_12)
FNF:13
FNH:5
FNDA:7,(anonymous_0)
FNDA:2,(anonymous_1)
FNDA:1,(anonymous_2)
FNDA:0,(anonymous_3)
FNDA:3,(anonymous_4)
FNDA:0,(anonymous_5)
FNDA:0,(anonymous_6)
FNDA:0,(anonymous_7)
FNDA:0,(anonymous_8)
FNDA:0,(anonymous_9)
FNDA:0,(anonymous_10)
FNDA:2,(anonymous_11)
FNDA:0,(anonymous_12)
DA:26,1
DA:27,7
DA:29,7
DA:30,7
DA:31,7
DA:32,7
DA:33,7
DA:34,7
DA:36,7
DA:37,2
DA:38,1
DA:39,1
DA:40,1
DA:42,1
DA:43,1
DA:44,1
DA:47,0
DA:48,0
DA:49,0
DA:52,1
DA:53,1
DA:54,1
DA:55,1
DA:59,7
DA:60,3
DA:63,7
DA:64,0
DA:67,7
DA:68,0
DA:69,0
DA:73,7
DA:74,0
DA:77,7
DA:78,0
DA:80,7
DA:98,2
LF:36
LH:28
BRDA:37,0,0,1
BRDA:37,0,1,1
BRDA:68,1,0,0
BRDA:68,1,1,0
BRDA:78,2,0,0
BRDA:78,2,1,0
BRDA:88,3,0,4
BRDA:88,3,1,3
BRDA:92,4,0,7
BRDA:92,4,1,1
BRDA:93,5,0,7
BRDA:93,5,1,6
BRDA:93,5,2,0
BRDA:94,6,0,7
BRDA:94,6,1,6
BRDA:94,6,2,2
BRDA:100,7,0,2
BRDA:100,7,1,0
BRF:18
BRH:12
end_of_record
TN:
SF:src\components\Main\MainStyle.ts
FNF:0
FNH:0
DA:3,1
DA:7,1
DA:11,1
DA:18,1
DA:24,1
DA:36,1
DA:52,1
DA:57,1
DA:68,1
LF:9
LH:9
BRF:0
BRH:0
end_of_record
TN:
SF:src\components\Search\Search.tsx
FN:5,(anonymous_0)
FN:9,(anonymous_1)
FN:22,(anonymous_2)
FNF:3
FNH:3
FNDA:9,(anonymous_0)
FNDA:2,(anonymous_1)
FNDA:2,(anonymous_2)
DA:5,2
DA:6,9
DA:7,9
DA:9,9
DA:10,2
DA:11,0
DA:12,0
DA:14,2
DA:15,0
DA:16,0
DA:18,2
DA:19,2
DA:22,9
DA:23,2
DA:24,2
DA:25,2
DA:29,9
LF:17
LH:13
BRDA:10,0,0,0
BRDA:10,0,1,2
BRDA:14,1,0,0
BRDA:14,1,1,2
BRDA:24,2,0,2
BRDA:24,2,1,0
BRDA:39,3,0,9
BRDA:39,3,1,0
BRF:8
BRH:4
end_of_record
TN:
SF:src\components\Search\SearchStyle.ts
FNF:0
FNH:0
DA:3,2
DA:8,2
LF:2
LH:2
BRF:0
BRH:0
end_of_record
TN:
SF:src\components\Sorting\Sorting.tsx
FN:16,(anonymous_0)
FN:21,(anonymous_1)
FN:22,(anonymous_2)
FN:25,(anonymous_3)
FN:26,(anonymous_4)
FN:39,(anonymous_5)
FN:40,(anonymous_6)
FN:47,(anonymous_7)
FN:60,(anonymous_8)
FN:64,(anonymous_9)
FNF:10
FNH:6
FNDA:9,(anonymous_0)
FNDA:2,(anonymous_1)
FNDA:2,(anonymous_2)
FNDA:0,(anonymous_3)
FNDA:0,(anonymous_4)
FNDA:2,(anonymous_5)
FNDA:0,(anonymous_6)
FNDA:2,(anonymous_7)
FNDA:2,(anonymous_8)
FNDA:0,(anonymous_9)
DA:16,2
DA:17,9
DA:18,9
DA:19,9
DA:21,9
DA:22,2
DA:25,9
DA:26,0
DA:27,0
DA:28,0
DA:30,0
DA:31,0
DA:33,0
DA:36,0
DA:37,0
DA:39,9
DA:40,2
DA:41,0
DA:42,0
DA:46,2
DA:47,2
DA:48,2
DA:51,9
DA:61,2
DA:65,0
LF:25
LH:14
BRDA:30,0,0,0
BRDA:30,0,1,0
BRDA:41,1,0,0
BRDA:41,1,1,0
BRDA:41,2,0,0
BRDA:41,2,1,0
BRDA:57,3,0,9
BRDA:57,3,1,1
BRF:8
BRH:2
end_of_record
TN:
SF:src\components\Sorting\SortingStyle.ts
FNF:0
FNH:0
DA:3,2
DA:23,2
DA:30,2
DA:45,2
DA:51,2
LF:5
LH:5
BRF:0
BRH:0
end_of_record
TN:
SF:src\context\inputContext.tsx
FN:12,(anonymous_0)
FNF:1
FNH:1
FNDA:5,(anonymous_0)
DA:8,2
DA:12,2
DA:13,5
DA:15,5
LF:4
LH:4
BRF:0
BRH:0
end_of_record
TN:
SF:src\context\hooks\inputUser.tsx
FN:4,useInputUser
FNF:1
FNH:1
FNDA:16,useInputUser
DA:5,16
DA:6,16
DA:7,0
DA:9,16
LF:4
LH:3
BRDA:6,0,0,0
BRDA:6,0,1,16
BRF:2
BRH:1
end_of_record
